0 info it worked if it ends with ok
1 verbose cli [ 'node', '/usr/local/bin/npm', 'install', 'grunt-mock2eay' ]
2 info using npm@1.4.9
3 info using node@v0.10.30
4 verbose node symlink /usr/local/bin/node
5 warn package.json grunt-mock2easy-demo@ No repository field.
6 verbose readDependencies using package.json deps
7 verbose cache add [ 'grunt-mock2eay', null ]
8 verbose cache add name=undefined spec="grunt-mock2eay" args=["grunt-mock2eay",null]
9 verbose parsed url { protocol: null,
9 verbose parsed url   slashes: null,
9 verbose parsed url   auth: null,
9 verbose parsed url   host: null,
9 verbose parsed url   port: null,
9 verbose parsed url   hostname: null,
9 verbose parsed url   hash: null,
9 verbose parsed url   search: null,
9 verbose parsed url   query: null,
9 verbose parsed url   pathname: 'grunt-mock2eay',
9 verbose parsed url   path: 'grunt-mock2eay',
9 verbose parsed url   href: 'grunt-mock2eay' }
10 silly lockFile fb9e7161-grunt-mock2eay grunt-mock2eay
11 verbose lock grunt-mock2eay /Users/lihui/.npm/fb9e7161-grunt-mock2eay.lock
12 silly lockFile fb9e7161-grunt-mock2eay grunt-mock2eay
13 silly lockFile fb9e7161-grunt-mock2eay grunt-mock2eay
14 verbose addNamed [ 'grunt-mock2eay', '' ]
15 verbose addNamed [ null, '*' ]
16 silly lockFile fd4894d0-grunt-mock2eay grunt-mock2eay@
17 verbose lock grunt-mock2eay@ /Users/lihui/.npm/fd4894d0-grunt-mock2eay.lock
18 silly addNameRange { name: 'grunt-mock2eay', range: '*', hasData: false }
19 verbose url raw grunt-mock2eay
20 verbose url resolving [ 'https://registry.npmjs.org/', './grunt-mock2eay' ]
21 verbose url resolved https://registry.npmjs.org/grunt-mock2eay
22 info trying registry request attempt 1 at 15:23:46
23 http GET https://registry.npmjs.org/grunt-mock2eay
24 http 404 https://registry.npmjs.org/grunt-mock2eay
25 silly registry.get cb [ 404,
25 silly registry.get   { 'content-type': 'application/json',
25 silly registry.get     'cache-control': 'max-age=0',
25 silly registry.get     'content-length': '2',
25 silly registry.get     'accept-ranges': 'bytes',
25 silly registry.get     date: 'Fri, 13 Nov 2015 07:23:48 GMT',
25 silly registry.get     via: '1.1 varnish',
25 silly registry.get     age: '0',
25 silly registry.get     connection: 'keep-alive',
25 silly registry.get     'x-served-by': 'cache-nrt6132-NRT',
25 silly registry.get     'x-cache': 'MISS',
25 silly registry.get     'x-cache-hits': '0',
25 silly registry.get     'x-timer': 'S1447399427.579208,VS0,VE755' } ]
26 silly lockFile fd4894d0-grunt-mock2eay grunt-mock2eay@
27 silly lockFile fd4894d0-grunt-mock2eay grunt-mock2eay@
28 error 404 Not Found
28 error 404
28 error 404 'grunt-mock2eay' is not in the npm registry.
28 error 404 You should bug the author to publish it
28 error 404 It was specified as a dependency of 'grunt-mock2easy-demo'
28 error 404
28 error 404 Note that you can also install from a
28 error 404 tarball, folder, or http url, or git url.
29 error System Darwin 13.4.0
30 error command "node" "/usr/local/bin/npm" "install" "grunt-mock2eay"
31 error cwd /Users/lihui/GitHub/grunt-mock2easy-demo
32 error node -v v0.10.30
33 error npm -v 1.4.9
34 error code E404
35 verbose exit [ 1, true ]
